<?xml version="1.0" encoding="UTF-8"?>
<!-- Generated by org.testng.reporters.JUnitReportReporter -->
<testsuite skipped="0" hostname="dell-PC" name="com.qa.hubspot.test.LoginPageTest" tests="4" failures="0" timestamp="02 Aug 2019 13:51:06 GMT" time="48.444" errors="0">
  <testcase name="VerfiySignUpLink" time="11.553" classname="com.qa.hubspot.test.LoginPageTest"/>
  <testcase name="VerfiyLoginPageTitleTest" time="11.286" classname="com.qa.hubspot.test.LoginPageTest"/>
  <testcase name="VerfiyDoLogin" time="11.212" classname="com.qa.hubspot.test.LoginPageTest"/>
  <testcase name="TestCheckBox" time="14.393" classname="com.qa.hubspot.test.LoginPageTest"/>
</testsuite> <!-- com.qa.hubspot.test.LoginPageTest -->
