<?xml version="1.0" encoding="UTF-8"?>
<!-- Generated by org.testng.reporters.JUnitReportReporter -->
<testsuite skipped="0" hostname="dell-PC" name="com.qa.hubspot.test.LoginPageTestBy" tests="3" failures="0" timestamp="20 Jul 2019 20:14:51 GMT" time="44.344" errors="1">
  <testcase name="GetPageTitle" time="14.132" classname="com.qa.hubspot.test.LoginPageTestBy"/>
  <testcase name="SignUpLinkTest" time="14.541" classname="com.qa.hubspot.test.LoginPageTestBy"/>
  <testcase name="VerifyDologin" time="15.671" classname="com.qa.hubspot.test.LoginPageTestBy">
    <error type="java.lang.Error" message="Unresolved compilation problems: 
	driver cannot be resolved or is not a field
	driver cannot be resolved to a variable
	driver cannot be resolved
	driver cannot be resolved to a variable
	driver cannot be resolved to a variable
	driver cannot be resolved to a variable
">
      <![CDATA[java.lang.Error: Unresolved compilation problems: 
driver cannot be resolved or is not a field
driver cannot be resolved to a variable
driver cannot be resolved
driver cannot be resolved to a variable
driver cannot be resolved to a variable
driver cannot be resolved to a variable

at com.qa.HubSpot.Pages.HomePage.<init>(HomePage.java:28)
at com.qa.HubSpot.Pages.LoginPageBy.DoLogin(LoginPageBy.java:48)
at com.qa.hubspot.test.LoginPageTestBy.VerifyDologin(LoginPageTestBy.java:57)
at sun.reflect.NativeMethodAccessorImpl.invoke0(Native Method)
at sun.reflect.NativeMethodAccessorImpl.invoke(Unknown Source)
at sun.reflect.DelegatingMethodAccessorImpl.invoke(Unknown Source)
at java.lang.reflect.Method.invoke(Unknown Source)
at org.testng.internal.MethodInvocationHelper.invokeMethod(MethodInvocationHelper.java:124)
at org.testng.internal.Invoker.invokeMethod(Invoker.java:583)
at org.testng.internal.Invoker.invokeTestMethod(Invoker.java:719)
at org.testng.internal.Invoker.invokeTestMethods(Invoker.java:989)
at org.testng.internal.TestMethodWorker.invokeTestMethods(TestMethodWorker.java:125)
at org.testng.internal.TestMethodWorker.run(TestMethodWorker.java:109)
at org.testng.TestRunner.privateRun(TestRunner.java:648)
at org.testng.TestRunner.run(TestRunner.java:505)
at org.testng.SuiteRunner.runTest(SuiteRunner.java:455)
at org.testng.SuiteRunner.runSequentially(SuiteRunner.java:450)
at org.testng.SuiteRunner.privateRun(SuiteRunner.java:415)
at org.testng.SuiteRunner.run(SuiteRunner.java:364)
at org.testng.SuiteRunnerWorker.runSuite(SuiteRunnerWorker.java:52)
at org.testng.SuiteRunnerWorker.run(SuiteRunnerWorker.java:84)
at org.testng.TestNG.runSuitesSequentially(TestNG.java:1208)
at org.testng.TestNG.runSuitesLocally(TestNG.java:1137)
at org.testng.TestNG.runSuites(TestNG.java:1049)
at org.testng.TestNG.run(TestNG.java:1017)
at org.testng.remote.AbstractRemoteTestNG.run(AbstractRemoteTestNG.java:114)
at org.testng.remote.RemoteTestNG.initAndRun(RemoteTestNG.java:251)
at org.testng.remote.RemoteTestNG.main(RemoteTestNG.java:77)
]]>
    </error>
  </testcase> <!-- VerifyDologin -->
</testsuite> <!-- com.qa.hubspot.test.LoginPageTestBy -->
