<?xml version="1.0" encoding="UTF-8"?>
<!-- Generated by org.testng.reporters.JUnitReportReporter -->
<testsuite skipped="0" hostname="dell-PC" name="com.qa.hubspot.test.ContactsPageTest" tests="4" failures="0" timestamp="20 Jul 2019 15:25:55 GMT" time="218.253" errors="0">
  <testcase name="createcontactsdata" time="52.732" classname="com.qa.hubspot.test.ContactsPageTest"/>
  <testcase name="createcontactsdata" time="54.292" classname="com.qa.hubspot.test.ContactsPageTest"/>
  <testcase name="createcontactsdata" time="53.728" classname="com.qa.hubspot.test.ContactsPageTest"/>
  <testcase name="createcontactsdata" time="57.501" classname="com.qa.hubspot.test.ContactsPageTest"/>
</testsuite> <!-- com.qa.hubspot.test.ContactsPageTest -->
